<?xml version="1.0" encoding="UTF-8"?>
<robot generator="Robot 6.1.1 (Python 3.10.12 on linux)" generated="20231014 16:47:09.121" rpa="false" schemaversion="4">
<suite id="s1" name="Api Testing Usuario" source="/home/thiago/API-robot/ServeRest/tests/api_testing_usuario.robot">
<test id="s1-t1" name="Cenário 01: Cadastrar um novo usuário com sucesso na ServerRest" line="7">
<kw name="Criar um usuário novo" library="api_testing_usuario">
<kw name="Generate Random String" library="String">
<var>${palavra_aleatoria}</var>
<arg>length=8</arg>
<arg>chars=[LETTERS]</arg>
<doc>Generates a string with a desired ``length`` from the given ``chars``.</doc>
<msg timestamp="20231014 16:47:09.202" level="INFO">${palavra_aleatoria} = pRdRzTtj</msg>
<status status="PASS" starttime="20231014 16:47:09.201" endtime="20231014 16:47:09.202"/>
</kw>
<kw name="Convert To Lower Case" library="String">
<var>${palavra_aleatoria}</var>
<arg>${palavra_aleatoria}</arg>
<doc>Converts string to lower case.</doc>
<msg timestamp="20231014 16:47:09.202" level="INFO">${palavra_aleatoria} = prdrzttj</msg>
<status status="PASS" starttime="20231014 16:47:09.202" endtime="20231014 16:47:09.202"/>
</kw>
<kw name="Set Test Variable" library="BuiltIn">
<arg>${EMAIL_TESTE}</arg>
<arg>${palavra_aleatoria}@emailteste.com</arg>
<doc>Makes a variable available everywhere within the scope of the current test.</doc>
<msg timestamp="20231014 16:47:09.204" level="INFO">${EMAIL_TESTE} = prdrzttj@emailteste.com</msg>
<status status="PASS" starttime="20231014 16:47:09.203" endtime="20231014 16:47:09.204"/>
</kw>
<kw name="Log" library="BuiltIn">
<arg>${EMAIL_TESTE}</arg>
<doc>Logs the given message with the given level.</doc>
<msg timestamp="20231014 16:47:09.204" level="INFO">prdrzttj@emailteste.com</msg>
<status status="PASS" starttime="20231014 16:47:09.204" endtime="20231014 16:47:09.204"/>
</kw>
<status status="PASS" starttime="20231014 16:47:09.201" endtime="20231014 16:47:09.204"/>
</kw>
<kw name="Cadastrar o usuário criado na ServerRest" library="api_testing_usuario">
<kw name="Create Dictionary" library="BuiltIn">
<var>${body}</var>
<arg>nome=Fulano da Silva</arg>
<arg>email=${EMAIL_TESTE}</arg>
<arg>password=1234</arg>
<arg>administrador=true</arg>
<doc>Creates and returns a dictionary based on the given ``items``.</doc>
<msg timestamp="20231014 16:47:09.205" level="INFO">${body} = {'nome': 'Fulano da Silva', 'email': 'prdrzttj@emailteste.com', 'password': '1234', 'administrador': 'true'}</msg>
<status status="PASS" starttime="20231014 16:47:09.205" endtime="20231014 16:47:09.206"/>
</kw>
<kw name="Log" library="BuiltIn">
<arg>${body}</arg>
<doc>Logs the given message with the given level.</doc>
<msg timestamp="20231014 16:47:09.206" level="INFO">{'nome': 'Fulano da Silva', 'email': 'prdrzttj@emailteste.com', 'password': '1234', 'administrador': 'true'}</msg>
<status status="PASS" starttime="20231014 16:47:09.206" endtime="20231014 16:47:09.206"/>
</kw>
<kw name="Criar sessão na ServerRest" library="api_testing_usuario">
<kw name="Create Dictionary" library="BuiltIn">
<var>${headers}</var>
<arg>accept=application/json</arg>
<arg>Content-Type=application/json</arg>
<doc>Creates and returns a dictionary based on the given ``items``.</doc>
<msg timestamp="20231014 16:47:09.207" level="INFO">${headers} = {'accept': 'application/json', 'Content-Type': 'application/json'}</msg>
<status status="PASS" starttime="20231014 16:47:09.206" endtime="20231014 16:47:09.207"/>
</kw>
<kw name="Create Session" library="RequestsLibrary">
<arg>alias=ServerRest</arg>
<arg>url=https://serverest.dev</arg>
<arg>headers=${headers}</arg>
<doc>Create Session: create a HTTP session to a server</doc>
<msg timestamp="20231014 16:47:09.207" level="INFO">Creating Session using : alias=ServerRest, url=https://serverest.dev, headers={'accept': 'application/json', 'Content-Type': 'application/json'},                     cookies={}, auth=None, timeout=None, proxies=None, verify=False,                     debug=0 </msg>
<status status="PASS" starttime="20231014 16:47:09.207" endtime="20231014 16:47:09.207"/>
</kw>
<status status="PASS" starttime="20231014 16:47:09.206" endtime="20231014 16:47:09.207"/>
</kw>
<kw name="POST On Session" library="RequestsLibrary">
<var>${resposta}</var>
<arg>alias=ServerRest</arg>
<arg>url=/usuarios</arg>
<arg>json=${body}</arg>
<doc>Sends a POST request on a previously created HTTP Session.</doc>
<msg timestamp="20231014 16:47:09.538" level="INFO">POST Request : url=https://serverest.dev/usuarios 
 path_url=/usuarios 
 headers={'User-Agent': 'python-requests/2.31.0', 'Accept-Encoding': 'gzip, deflate', 'accept': 'application/json', 'Connection': 'keep-alive', 'Content-Type': 'application/json', 'Content-Length': '108'} 
 body=b'{"nome": "Fulano da Silva", "email": "prdrzttj@emailteste.com", "password": "1234", "administrador": "true"}' 
 </msg>
<msg timestamp="20231014 16:47:09.538" level="INFO">POST Response : url=https://serverest.dev/usuarios 
 status=201, reason=Created 
 headers={'access-control-allow-origin': '*', 'x-dns-prefetch-control': 'off', 'x-frame-options': 'SAMEORIGIN', 'strict-transport-security': 'max-age=15552000; includeSubDomains', 'x-download-options': 'noopen', 'x-content-type-options': 'nosniff', 'x-xss-protection': '1; mode=block', 'content-type': 'application/json; charset=utf-8', 'X-Cloud-Trace-Context': '4351f2a8554614372340423a7194e571;o=1', 'Date': 'Sat, 14 Oct 2023 19:47:09 GMT', 'Server': 'Google Frontend', 'Content-Length': '82'} 
 body={
    "message": "Cadastro realizado com sucesso",
    "_id": "XSlK8SgQKEcmNVBc"
} 
 </msg>
<msg timestamp="20231014 16:47:09.538" level="INFO">/usr/lib/python3/dist-packages/urllib3/connectionpool.py:1015: InsecureRequestWarning: Unverified HTTPS request is being made to host 'serverest.dev'. Adding certificate verification is strongly advised. See: https://urllib3.readthedocs.io/en/latest/advanced-usage.html#ssl-warnings
  warnings.warn(</msg>
<msg timestamp="20231014 16:47:09.539" level="INFO">${resposta} = &lt;Response [201]&gt;</msg>
<status status="PASS" starttime="20231014 16:47:09.207" endtime="20231014 16:47:09.539"/>
</kw>
<kw name="Log" library="BuiltIn">
<arg>${resposta.json()}</arg>
<doc>Logs the given message with the given level.</doc>
<msg timestamp="20231014 16:47:09.542" level="INFO">{'message': 'Cadastro realizado com sucesso', '_id': 'XSlK8SgQKEcmNVBc'}</msg>
<status status="PASS" starttime="20231014 16:47:09.540" endtime="20231014 16:47:09.542"/>
</kw>
<kw name="Set Test Variable" library="BuiltIn">
<arg>${resposta}</arg>
<arg>${resposta.json()}</arg>
<doc>Makes a variable available everywhere within the scope of the current test.</doc>
<msg timestamp="20231014 16:47:09.545" level="INFO">${resposta} = {'message': 'Cadastro realizado com sucesso', '_id': 'XSlK8SgQKEcmNVBc'}</msg>
<status status="PASS" starttime="20231014 16:47:09.542" endtime="20231014 16:47:09.545"/>
</kw>
<status status="PASS" starttime="20231014 16:47:09.205" endtime="20231014 16:47:09.545"/>
</kw>
<kw name="Conferir se o usuário foi cadastrado corretamente" library="api_testing_usuario">
<kw name="Log" library="BuiltIn">
<arg>${resposta}</arg>
<doc>Logs the given message with the given level.</doc>
<msg timestamp="20231014 16:47:09.548" level="INFO">{'message': 'Cadastro realizado com sucesso', '_id': 'XSlK8SgQKEcmNVBc'}</msg>
<status status="PASS" starttime="20231014 16:47:09.547" endtime="20231014 16:47:09.549"/>
</kw>
<kw name="Dictionary Should Contain Item" library="Collections">
<arg>${resposta}</arg>
<arg>message</arg>
<arg>Cadastro realizado com sucesso</arg>
<doc>An item of ``key`` / ``value`` must be found in a ``dictionary``.</doc>
<status status="PASS" starttime="20231014 16:47:09.549" endtime="20231014 16:47:09.551"/>
</kw>
<kw name="Dictionary Should Contain Key" library="Collections">
<arg>${resposta}</arg>
<arg>_id</arg>
<doc>Fails if ``key`` is not found from ``dictionary``.</doc>
<status status="PASS" starttime="20231014 16:47:09.551" endtime="20231014 16:47:09.552"/>
</kw>
<status status="PASS" starttime="20231014 16:47:09.546" endtime="20231014 16:47:09.553"/>
</kw>
<status status="PASS" starttime="20231014 16:47:09.201" endtime="20231014 16:47:09.554"/>
</test>
<status status="PASS" starttime="20231014 16:47:09.121" endtime="20231014 16:47:09.556"/>
</suite>
<statistics>
<total>
<stat pass="1" fail="0" skip="0">All Tests</stat>
</total>
<tag>
</tag>
<suite>
<stat pass="1" fail="0" skip="0" id="s1" name="Api Testing Usuario">Api Testing Usuario</stat>
</suite>
</statistics>
<errors>
</errors>
</robot>
